[OUTPUT] Concise terminal mode enabled
[OUTPUT] Full log: D:\Study\college\SEM4\OS\project\leos\logs\complete_phase2_20260427_175417.full.log
[OUTPUT] Concise log: D:\Study\college\SEM4\OS\project\leos\logs\complete_phase2_20260427_175417.concise.log
[0ms] [ORCHESTRATOR] [INIT] Initializing PHASE 2 COMPLETE - All OS components...
[28ms] [ORCHESTRATOR] [INIT] All components initialized successfully
пїўпѕ•пѕ”пїўпѕ•пѕђпїўпѕ•пѕђпїўпѕ•пѕђпїўпѕ•пѕђпїўпѕ•пѕђпїўпѕ•пѕђпїўпѕ•пѕђпїўпѕ•пѕђпїўпѕ•пѕђпїўпѕ•пѕђпїўпѕ•пѕђпїўпѕ•пѕђпїўпѕ•пѕђпїўпѕ•пѕђпїўпѕ•пѕђпїўпѕ•пѕђпїўпѕ•пѕђпїўпѕ•пѕђпїўпѕ•пѕђпїўпѕ•пѕђпїўпѕ•пѕђпїўпѕ•пѕђпїўпѕ•пѕђпїўпѕ•пѕђпїўпѕ•пѕђпїўпѕ•пѕђпїўпѕ•пѕђпїўпѕ•пѕђпїўпѕ•пѕђпїўпѕ•пѕђпїўпѕ•пѕђпїўпѕ•пѕђпїўпѕ•пѕђпїўпѕ•пѕђпїўпѕ•пѕђпїўпѕ•пѕђпїўпѕ•пѕђпїўпѕ•пѕђпїўпѕ•пѕђпїўпѕ•пѕђпїўпѕ•пѕђпїўпѕ•пѕђпїўпѕ•пѕђпїўпѕ•пѕђпїўпѕ•пѕђпїўпѕ•пѕђпїўпѕ•пѕђпїўпѕ•пѕђпїўпѕ•пѕђпїўпѕ•пѕђпїўпѕ•пѕђпїўпѕ•пѕђпїўпѕ•пѕђпїўпѕ•пѕђпїўпѕ•пѕђпїўпѕ•пѕђпїўпѕ•пѕђпїўпѕ•пѕђпїўпѕ•пѕ—
пїўпѕ•пѕ‘   PHASE 2 COMPLETE: MULTI-USER + FULL OS FEATURES        пїўпѕ•пѕ‘
пїўпѕ•пѕ‘   Single CSV, Multi-User, All Phase 1 Features           пїўпѕ•пѕ‘
пїўпѕ•пѕљпїўпѕ•пѕђпїўпѕ•пѕђпїўпѕ•пѕђпїўпѕ•пѕђпїўпѕ•пѕђпїўпѕ•пѕђпїўпѕ•пѕђпїўпѕ•пѕђпїўпѕ•пѕђпїўпѕ•пѕђпїўпѕ•пѕђпїўпѕ•пѕђпїўпѕ•пѕђпїўпѕ•пѕђпїўпѕ•пѕђпїўпѕ•пѕђпїўпѕ•пѕђпїўпѕ•пѕђпїўпѕ•пѕђпїўпѕ•пѕђпїўпѕ•пѕђпїўпѕ•пѕђпїўпѕ•пѕђпїўпѕ•пѕђпїўпѕ•пѕђпїўпѕ•пѕђпїўпѕ•пѕђпїўпѕ•пѕђпїўпѕ•пѕђпїўпѕ•пѕђпїўпѕ•пѕђпїўпѕ•пѕђпїўпѕ•пѕђпїўпѕ•пѕђпїўпѕ•пѕђпїўпѕ•пѕђпїўпѕ•пѕђпїўпѕ•пѕђпїўпѕ•пѕђпїўпѕ•пѕђпїўпѕ•пѕђпїўпѕ•пѕђпїўпѕ•пѕђпїўпѕ•пѕђпїўпѕ•пѕђпїўпѕ•пѕђпїўпѕ•пѕђпїўпѕ•пѕђпїўпѕ•пѕђпїўпѕ•пѕђпїўпѕ•пѕђпїўпѕ•пѕђпїўпѕ•пѕђпїўпѕ•пѕђпїўпѕ•пѕђпїўпѕ•пѕђпїўпѕ•пѕђпїўпѕ•пѕђпїўпѕ•пѕќ
[31ms] [ORCHESTRATOR] [LOAD] Loading tasks from multi_user_tasks.csv
[26ms] [USER_LOGIN] User User1 (ID: 1) logged in
[38ms] [USER] [LOGIN] User User1 logged in
[30ms] [TASK_CREATE] Task 101 created for user User1 (Priority: 1)
[31ms] [TASK_CREATE] Task 102 created for user User1 (Priority: 1)
[31ms] [USER_LOGIN] User User2 (ID: 2) logged in
[42ms] [USER] [LOGIN] User User2 logged in
[31ms] [TASK_CREATE] Task 104 created for user User2 (Priority: 1)
[43ms] [ORCHESTRATOR] [LOAD_COMPLETE] Loaded 3 tasks for 2 users
[44ms] [ORCHESTRATOR] [SETUP] Setting up tasks - Allocating memory and scheduling
Task 101 allocated 50 units at Floor Index 0-49 (Best Fit)
[52ms] [MEMORY] [ALLOCATE] Task 101 (User: User1) allocated 50 units at address 0
Task 102 allocated 45 units at Floor Index 50-94 (Best Fit)
[52ms] [MEMORY] [ALLOCATE] Task 102 (User: User1) allocated 45 units at address 50
Task 104 allocated 50 units at Floor Index 95-144 (Best Fit)
[53ms] [MEMORY] [ALLOCATE] Task 104 (User: User2) allocated 50 units at address 95
--- CONCURRENT MULTI-USER EXECUTION ---
[53ms] [ORCHESTRATOR] [EXEC] Starting concurrent multi-user task execution
[57ms] [SCHEDULER] [SELECT] Task 101 selected (Priority: 1)
[57ms] [SCHEDULER] [SELECT] Task 104 selected (Priority: 1)
[57ms] [SCHEDULER] [SELECT] Task 102 selected (Priority: 1)
[57ms] [SCHEDULER] [CTX_SWITCH] Context switch to Task 104
[57ms] [SCHEDULER] [CTX_SWITCH] Context switch to Task 101
[57ms] [SCHEDULER] [CTX_SWITCH] Context switch to Task 102
[58ms] [TASK] [AISLE_REQUEST] Task 101 requesting Aisle 3
[58ms] [TASK] [AISLE_REQUEST] Task 104 requesting Aisle 1
[58ms] [TASK] [AISLE_REQUEST] Task 102 requesting Aisle 5
[0ms] CONCURRENCY: Banker's Algorithm checking for Task 102 on Aisle 5...
[1ms] CONCURRENCY: SAFE STATE пїўпѕЂпѕ” Aisle 5 is available for Task 102
[0ms] CONCURRENCY: Banker's Algorithm checking for Task 101 on Aisle 3...
[0ms] CONCURRENCY: Banker's Algorithm checking for Task 104 on Aisle 1...
[3ms] CONCURRENCY: SAFE STATE пїўпѕЂпѕ” Aisle 3 is available for Task 101
[0ms] CONCURRENCY: Task 102 requesting Aisle 5
[0ms] CONCURRENCY: Task 101 requesting Aisle 3
[4ms] CONCURRENCY: SAFE STATE пїўпѕЂпѕ” Aisle 1 is available for Task 104
[1ms] CONCURRENCY: Aisle 3 Semaphore ACQUIRED by Task 101
[1ms] CONCURRENCY: Aisle 5 Semaphore ACQUIRED by Task 102
[62ms] [CONCURRENCY] [ACQUIRE] Task 101 acquired Aisle 3 semaphore
[0ms] CONCURRENCY: Task 104 requesting Aisle 1
[62ms] [CONCURRENCY] [ACQUIRE] Task 102 acquired Aisle 5 semaphore
[1ms] CONCURRENCY: Aisle 1 Semaphore ACQUIRED by Task 104
[63ms] [CONCURRENCY] [ACQUIRE] Task 104 acquired Aisle 1 semaphore
[65ms] [DISK] [PATH] Task 102 using TIE algorithm
[65ms] [DISK] [EXECUTE] Task 102 executed disk I/O - seek distance: 50
[65ms] [DISK] [PATH] Task 104 using TIE algorithm
[66ms] [MEMORY] [LRU_ACCESS] Task 102 LRU updated
[66ms] [DISK] [EXECUTE] Task 104 executed disk I/O - seek distance: 50
[66ms] [DISK] [PATH] Task 101 using TIE algorithm
[66ms] [MEMORY] [LRU_ACCESS] Task 104 LRU updated
[67ms] [DISK] [EXECUTE] Task 101 executed disk I/O - seek distance: 50
[67ms] [MEMORY] [LRU_ACCESS] Task 101 LRU updated
[76ms] [TASK] [EXECUTE] Task 104 executing for 8ms
[2ms] CONCURRENCY: Aisle 1 Semaphore RELEASED by Task 104
[76ms] [CONCURRENCY] [RELEASE] Task 104 released Aisle 1
Memory for Task 104 deallocated (50 units freed)
[77ms] [MEMORY] [DEALLOCATE] Task 104 deallocated memory
[78ms] [TASK] [EXECUTE] Task 101 executing for 10ms
[2ms] CONCURRENCY: Aisle 3 Semaphore RELEASED by Task 101
[78ms] [CONCURRENCY] [RELEASE] Task 101 released Aisle 3
Memory for Task 101 deallocated (50 units freed)
[78ms] [MEMORY] [DEALLOCATE] Task 101 deallocated memory
[81ms] [TASK] [EXECUTE] Task 102 executing for 12ms
[71ms] [TASK_TERMINATE] Task 104 completed for user User2 (Wait: 20ms, Turnaround: 35ms)
[71ms] [TASK_TERMINATE] Task 101 completed for user User1 (Wait: 24ms, Turnaround: 40ms)
[2ms] CONCURRENCY: Aisle 5 Semaphore RELEASED by Task 102
[83ms] [CONCURRENCY] [RELEASE] Task 102 released Aisle 5
Memory for Task 102 deallocated (45 units freed)
[84ms] [MEMORY] [DEALLOCATE] Task 102 deallocated memory
[73ms] [TASK_TERMINATE] Task 102 completed for user User1 (Wait: 20ms, Turnaround: 43ms)
[92ms] [TASK] [COMPLETE] Task 102 completed (Wait: 20ms, Turnaround: 43ms)
[92ms] [TASK] [COMPLETE] Task 104 completed (Wait: 20ms, Turnaround: 35ms)
[92ms] [TASK] [COMPLETE] Task 101 completed (Wait: 24ms, Turnaround: 40ms)
--- SIMULATION COMPLETE ---
============================================================
PHASE 2 COMPLETE STATISTICS - MULTI-USER FULL OS
============================================================
========== PER-USER STATISTICS ==========
User[ID=1, Name=User1, Status=ACTIVE, Tasks: 4/2, AvgWait: 22.00ms]
  Pending Tasks: 0
  Session Duration: 61ms
User[ID=2, Name=User2, Status=ACTIVE, Tasks: 2/1, AvgWait: 20.00ms]
  Pending Tasks: 0
  Session Duration: 55ms
=====================================
========== SCHEDULER STATISTICS ==========
Total Tasks Completed: 6
Average Wait Time: 21.00ms
Average Turnaround: 38.25ms
==========================================
========== MEMORY STATISTICS ==========
Total Memory: 500 units
Used Memory: 0 units
Free Memory: 500 units
Fragmentation: 1 free blocks. Total free space: 500 / 500
Fragmentation: 100.00%
=====================================
========== CONCURRENCY STATISTICS ==========
Aisles Available: 10
Deadlocks Prevented: 0
==========================================
========== SYSTEM STATISTICS ==========
Total Users: 2
Total Tasks: 6
Total Events Logged: 8
Simulation Duration: 115ms
=====================================
============================================================
PHASE 2 COMPLETE - ALL FEATURES INTEGRATED SUCCESSFULLY
============================================================
[106ms] [KERNEL_SHUTDOWN] Kernel shutdown initiated
