[OUTPUT] Log file: D:\Study\college\SEM4\OS\project\leos\logs\warehouse_os_20260427_180459.log
[0ms] [ORCHESTRATOR] [INIT] Initializing warehouse OS simulation - All OS components...
[41ms] [ORCHESTRATOR] [INIT] All components initialized successfully

============================================================
WAREHOUSE OS: MULTI-USER + FULL OS FEATURES
Single CSV, Multi-User, Unified Feature Set

============================================================

[45ms] [ORCHESTRATOR] [LOAD] Loading tasks from multi_user_tasks.csv
[39ms] [USER_LOGIN] User User1 (ID: 1) logged in
[58ms] [USER] [LOGIN] User User1 logged in
[54ms] [TASK_CREATE] Task 101 created for user User1 (Priority: 1)
[55ms] [TASK_CREATE] Task 102 created for user User1 (Priority: 1)
[56ms] [USER_LOGIN] User User2 (ID: 2) logged in
[72ms] [USER] [LOGIN] User User2 logged in
[57ms] [TASK_CREATE] Task 104 created for user User2 (Priority: 1)
[75ms] [ORCHESTRATOR] [LOAD_COMPLETE] Loaded 3 tasks for 2 users

[75ms] [ORCHESTRATOR] [SETUP] Setting up tasks - Allocating memory and scheduling
Task 101 allocated 50 units at Floor Index 0-49 (Best Fit)
[89ms] [MEMORY] [ALLOCATE] Task 101 (User: User1) allocated 50 units at address 0
Task 102 allocated 45 units at Floor Index 50-94 (Best Fit)
[90ms] [MEMORY] [ALLOCATE] Task 102 (User: User1) allocated 45 units at address 50
Task 104 allocated 50 units at Floor Index 95-144 (Best Fit)
[91ms] [MEMORY] [ALLOCATE] Task 104 (User: User2) allocated 50 units at address 95

--- CONCURRENT MULTI-USER EXECUTION ---

[92ms] [ORCHESTRATOR] [EXEC] Starting concurrent multi-user task execution
[99ms] [SCHEDULER] [SELECT] Task 104 selected (Priority: 1)
[99ms] [SCHEDULER] [SELECT] Task 102 selected (Priority: 1)
[99ms] [SCHEDULER] [SELECT] Task 101 selected (Priority: 1)
[100ms] [SCHEDULER] [CTX_SWITCH] Context switch to Task 102
[100ms] [SCHEDULER] [CTX_SWITCH] Context switch to Task 104
[101ms] [TASK] [AISLE_REQUEST] Task 102 requesting Aisle 5
[101ms] [SCHEDULER] [CTX_SWITCH] Context switch to Task 101
[103ms] [TASK] [AISLE_REQUEST] Task 104 requesting Aisle 1
[104ms] [TASK] [AISLE_REQUEST] Task 101 requesting Aisle 3
[0ms] CONCURRENCY: Banker's Algorithm checking for Task 104 on Aisle 1...
[1ms] CONCURRENCY: SAFE STATE - Aisle 1 is available for Task 104
[0ms] CONCURRENCY: Banker's Algorithm checking for Task 102 on Aisle 5...
[0ms] CONCURRENCY: Banker's Algorithm checking for Task 101 on Aisle 3...
[4ms] CONCURRENCY: SAFE STATE - Aisle 3 is available for Task 101
[0ms] CONCURRENCY: Task 101 requesting Aisle 3
[3ms] CONCURRENCY: SAFE STATE - Aisle 5 is available for Task 102
[0ms] CONCURRENCY: Task 104 requesting Aisle 1
[0ms] CONCURRENCY: Task 102 requesting Aisle 5
[1ms] CONCURRENCY: Aisle 3 Semaphore ACQUIRED by Task 101
[1ms] CONCURRENCY: Aisle 5 Semaphore ACQUIRED by Task 102
[1ms] CONCURRENCY: Aisle 1 Semaphore ACQUIRED by Task 104
[118ms] [CONCURRENCY] [ACQUIRE] Task 102 acquired Aisle 5 semaphore
[118ms] [CONCURRENCY] [ACQUIRE] Task 101 acquired Aisle 3 semaphore
[118ms] [CONCURRENCY] [ACQUIRE] Task 104 acquired Aisle 1 semaphore
[124ms] [DISK] [PATH] Task 101 using TIE algorithm
[124ms] [DISK] [PATH] Task 102 using TIE algorithm
[124ms] [DISK] [PATH] Task 104 using TIE algorithm
[125ms] [DISK] [EXECUTE] Task 102 executed disk I/O - seek distance: 50
[125ms] [DISK] [EXECUTE] Task 101 executed disk I/O - seek distance: 50
[126ms] [MEMORY] [LRU_ACCESS] Task 102 LRU updated
[125ms] [DISK] [EXECUTE] Task 104 executed disk I/O - seek distance: 50
[126ms] [MEMORY] [LRU_ACCESS] Task 101 LRU updated
[127ms] [MEMORY] [LRU_ACCESS] Task 104 LRU updated
[137ms] [TASK] [EXECUTE] Task 101 executing for 10ms
[137ms] [TASK] [EXECUTE] Task 104 executing for 8ms
[2ms] CONCURRENCY: Aisle 3 Semaphore RELEASED by Task 101
[2ms] CONCURRENCY: Aisle 1 Semaphore RELEASED by Task 104
[138ms] [CONCURRENCY] [RELEASE] Task 104 released Aisle 1
[138ms] [CONCURRENCY] [RELEASE] Task 101 released Aisle 3
Memory for Task 104 deallocated (50 units freed)
[139ms] [TASK] [EXECUTE] Task 102 executing for 12ms
[140ms] [MEMORY] [DEALLOCATE] Task 104 deallocated memory
Memory for Task 101 deallocated (50 units freed)
[2ms] CONCURRENCY: Aisle 5 Semaphore RELEASED by Task 102
[141ms] [CONCURRENCY] [RELEASE] Task 102 released Aisle 5
Memory for Task 102 deallocated (45 units freed)
[141ms] [MEMORY] [DEALLOCATE] Task 102 deallocated memory
[142ms] [ERROR] [EXECUTE] Task 101 error: null
[132ms] [TASK_TERMINATE] Task 104 completed for user User2 (Wait: 37ms, Turnaround: 67ms)
[132ms] [TASK_TERMINATE] Task 102 completed for user User1 (Wait: 46ms, Turnaround: 70ms)
[154ms] [TASK] [COMPLETE] Task 104 completed (Wait: 37ms, Turnaround: 67ms)
[154ms] [TASK] [COMPLETE] Task 102 completed (Wait: 46ms, Turnaround: 70ms)

--- SIMULATION COMPLETE ---

============================================================

SIMULATION STATISTICS - MULTI-USER FULL OS

============================================================

========== PER-USER STATISTICS ==========
User[ID=1, Name=User1, Status=ACTIVE, Tasks: 2/2, AvgWait: 46.00ms]
Pending Tasks: 1
Session Duration: 107ms
User[ID=2, Name=User2, Status=ACTIVE, Tasks: 2/1, AvgWait: 37.00ms]
Pending Tasks: 0
Session Duration: 92ms

=====================================

========== SCHEDULER STATISTICS ==========
Total Tasks Completed: 4
Average Wait Time: 41.50ms
Average Turnaround: 68.50ms

==========================================

========== MEMORY STATISTICS ==========
Total Memory: 500 units
Used Memory: 0 units
Free Memory: 500 units
Fragmentation: 1 free blocks. Total free space: 500 / 500
Fragmentation: 100.00%

=====================================

========== CONCURRENCY STATISTICS ==========
Aisles Available: 10
Deadlocks Prevented: 0

==========================================

========== SYSTEM STATISTICS ==========
Total Users: 2
Total Tasks: 4
Total Events Logged: 7
Simulation Duration: 200ms

=====================================

============================================================
ALL FEATURES INTEGRATED SUCCESSFULLY

============================================================
[187ms] [KERNEL_SHUTDOWN] Kernel shutdown initiated
