[OUTPUT] Log file: D:\Study\college\SEM4\OS\project\leos\logs\warehouse_os_20260427_180710.log
[0ms] [ORCHESTRATOR] [INIT] Initializing warehouse OS simulation - All OS components...
[42ms] [ORCHESTRATOR] [INIT] All components initialized successfully

============================================================
WAREHOUSE OS: MULTI-USER + FULL OS FEATURES
Single CSV, Multi-User, Unified Feature Set

============================================================

[45ms] [ORCHESTRATOR] [LOAD] Loading tasks from multi_user_tasks.csv
[36ms] [USER_LOGIN] User User1 (ID: 1) logged in
[55ms] [USER] [LOGIN] User User1 logged in
[46ms] [TASK_CREATE] Task 101 created for user User1 (Priority: 1)
[48ms] [TASK_CREATE] Task 102 created for user User1 (Priority: 1)
[49ms] [USER_LOGIN] User User2 (ID: 2) logged in
[66ms] [USER] [LOGIN] User User2 logged in
[50ms] [TASK_CREATE] Task 104 created for user User2 (Priority: 1)
[70ms] [ORCHESTRATOR] [LOAD_COMPLETE] Loaded 3 tasks for 2 users

[71ms] [ORCHESTRATOR] [SETUP] Setting up tasks - Allocating memory and scheduling
Task 101 allocated 50 units at Floor Index 0-49 (Best Fit)
[86ms] [MEMORY] [ALLOCATE] Task 101 (User: User1) allocated 50 units at address 0
Task 102 allocated 45 units at Floor Index 50-94 (Best Fit)
[87ms] [MEMORY] [ALLOCATE] Task 102 (User: User1) allocated 45 units at address 50
Task 104 allocated 50 units at Floor Index 95-144 (Best Fit)
[88ms] [MEMORY] [ALLOCATE] Task 104 (User: User2) allocated 50 units at address 95

--- CONCURRENT MULTI-USER EXECUTION ---

[90ms] [ORCHESTRATOR] [EXEC] Starting concurrent multi-user task execution
[96ms] [SCHEDULER] [SELECT] Task 102 selected (Priority: 1)
[96ms] [SCHEDULER] [SELECT] Task 101 selected (Priority: 1)
[97ms] [SCHEDULER] [CTX_SWITCH] Context switch to Task 101
[96ms] [SCHEDULER] [SELECT] Task 104 selected (Priority: 1)
[98ms] [TASK] [AISLE_REQUEST] Task 101 requesting Aisle 3
[97ms] [SCHEDULER] [CTX_SWITCH] Context switch to Task 102
[98ms] [SCHEDULER] [CTX_SWITCH] Context switch to Task 104
[99ms] [TASK] [AISLE_REQUEST] Task 102 requesting Aisle 5
[99ms] [TASK] [AISLE_REQUEST] Task 104 requesting Aisle 1
[0ms] CONCURRENCY: Banker's Algorithm checking for Task 102 on Aisle 5...
[0ms] CONCURRENCY: Banker's Algorithm checking for Task 104 on Aisle 1...
[2ms] CONCURRENCY: SAFE STATE - Aisle 1 is available for Task 104
[0ms] CONCURRENCY: Banker's Algorithm checking for Task 101 on Aisle 3...
[4ms] CONCURRENCY: SAFE STATE - Aisle 3 is available for Task 101
[0ms] CONCURRENCY: Task 101 requesting Aisle 3
[0ms] CONCURRENCY: Task 104 requesting Aisle 1
[1ms] CONCURRENCY: SAFE STATE - Aisle 5 is available for Task 102
[1ms] CONCURRENCY: Aisle 1 Semaphore ACQUIRED by Task 104
[1ms] CONCURRENCY: Aisle 3 Semaphore ACQUIRED by Task 101
[110ms] [CONCURRENCY] [ACQUIRE] Task 101 acquired Aisle 3 semaphore
[110ms] [CONCURRENCY] [ACQUIRE] Task 104 acquired Aisle 1 semaphore
[0ms] CONCURRENCY: Task 102 requesting Aisle 5
[1ms] CONCURRENCY: Aisle 5 Semaphore ACQUIRED by Task 102
[115ms] [CONCURRENCY] [ACQUIRE] Task 102 acquired Aisle 5 semaphore
[116ms] [DISK] [PATH] Task 104 using TIE algorithm
[116ms] [DISK] [PATH] Task 102 using TIE algorithm
[116ms] [DISK] [PATH] Task 101 using TIE algorithm
[117ms] [DISK] [EXECUTE] Task 102 executed disk I/O - seek distance: 50
[117ms] [DISK] [EXECUTE] Task 104 executed disk I/O - seek distance: 50
[117ms] [MEMORY] [LRU_ACCESS] Task 102 LRU updated
[117ms] [DISK] [EXECUTE] Task 101 executed disk I/O - seek distance: 50
[118ms] [MEMORY] [LRU_ACCESS] Task 104 LRU updated
[118ms] [MEMORY] [LRU_ACCESS] Task 101 LRU updated
[128ms] [TASK] [EXECUTE] Task 104 executing for 8ms
[2ms] CONCURRENCY: Aisle 1 Semaphore RELEASED by Task 104
[129ms] [TASK] [EXECUTE] Task 101 executing for 10ms
[129ms] [CONCURRENCY] [RELEASE] Task 104 released Aisle 1
[2ms] CONCURRENCY: Aisle 3 Semaphore RELEASED by Task 101
Memory for Task 104 deallocated (50 units freed)
[130ms] [CONCURRENCY] [RELEASE] Task 101 released Aisle 3
[131ms] [MEMORY] [DEALLOCATE] Task 104 deallocated memory
Memory for Task 101 deallocated (50 units freed)
[131ms] [MEMORY] [DEALLOCATE] Task 101 deallocated memory
[132ms] [TASK] [EXECUTE] Task 102 executing for 12ms
[2ms] CONCURRENCY: Aisle 5 Semaphore RELEASED by Task 102
[132ms] [CONCURRENCY] [RELEASE] Task 102 released Aisle 5
Memory for Task 102 deallocated (45 units freed)
[133ms] [MEMORY] [DEALLOCATE] Task 102 deallocated memory
[119ms] [TASK_TERMINATE] Task 104 completed for user User2 (Wait: 38ms, Turnaround: 64ms)
[119ms] [TASK_TERMINATE] Task 101 completed for user User1 (Wait: 51ms, Turnaround: 77ms)
[119ms] [TASK_TERMINATE] Task 102 completed for user User1 (Wait: 44ms, Turnaround: 68ms)
[143ms] [TASK] [COMPLETE] Task 101 completed (Wait: 51ms, Turnaround: 77ms)
[144ms] [TASK] [COMPLETE] Task 102 completed (Wait: 44ms, Turnaround: 68ms)
[144ms] [TASK] [COMPLETE] Task 104 completed (Wait: 38ms, Turnaround: 64ms)

--- SIMULATION COMPLETE ---

============================================================

SIMULATION STATISTICS - MULTI-USER FULL OS

============================================================

========== PER-USER STATISTICS ==========
User[ID=1, Name=User1, Status=ACTIVE, Tasks: 4/2, AvgWait: 47.50ms]
Pending Tasks: 0
Session Duration: 99ms
User[ID=2, Name=User2, Status=ACTIVE, Tasks: 2/1, AvgWait: 38.00ms]
Pending Tasks: 0
Session Duration: 86ms

=====================================

========== SCHEDULER STATISTICS ==========
Total Tasks Completed: 6
Average Wait Time: 42.75ms
Average Turnaround: 68.25ms

==========================================

========== MEMORY STATISTICS ==========
Total Memory: 500 units
Used Memory: 0 units
Free Memory: 500 units
Fragmentation: 1 free blocks. Total free space: 500 / 500
Fragmentation: 100.00%

=====================================

========== CONCURRENCY STATISTICS ==========
Aisles Available: 10
Deadlocks Prevented: 0

==========================================

========== SYSTEM STATISTICS ==========
Total Users: 2
Total Tasks: 6
Total Events Logged: 8
Simulation Duration: 182ms

=====================================
[167ms] [KERNEL_SHUTDOWN] Kernel shutdown initiated
